<?xml version="1.0" encoding="UTF-8"?>
<!-- Generated by org.testng.reporters.JUnitReportReporter -->
<testsuite hostname="WIN-MA4O1OKBBCR" name="newTest.TestWebDriver.testNgTest_1Test" tests="3" failures="0" timestamp="22 Jul 2015 03:49:17 GMT" time="21.414" errors="0">
  <testcase name="TestsSetCloudCreditsQty" time="14.393" classname="newTest.TestWebDriver.testNgTest_1Test"/>
  <testcase name="startMainPage" time="1.911" classname="newTest.TestWebDriver.testNgTest_1Test"/>
  <testcase name="TestsSetCloudCreditsQty" time="5.110" classname="newTest.TestWebDriver.testNgTest_1Test"/>
</testsuite> <!-- newTest.TestWebDriver.testNgTest_1Test -->
