<?xml version="1.0" encoding="UTF-8"?>
<!-- Generated by org.testng.reporters.JUnitReportReporter -->
<testsuite hostname="WIN-MA4O1OKBBCR" name="newTest.TestWebDriver.testNgTest_1Test" tests="3" failures="0" timestamp="22 Jul 2015 01:34:34 GMT" time="45.201" errors="0">
  <testcase name="startMainPage" time="7.141" classname="newTest.TestWebDriver.testNgTest_1Test"/>
  <testcase name="TestsSetCloudCreditsQty" time="3.298" classname="newTest.TestWebDriver.testNgTest_1Test"/>
  <testcase name="TestsSetCloudCreditsQty" time="34.762" classname="newTest.TestWebDriver.testNgTest_1Test"/>
</testsuite> <!-- newTest.TestWebDriver.testNgTest_1Test -->
