<?xml version="1.0" encoding="UTF-8"?>
<!-- Generated by org.testng.reporters.JUnitReportReporter -->
<testsuite hostname="WIN-MA4O1OKBBCR" name="newTest.TestWebDriver.testNgTest_2Test" tests="1" failures="0" timestamp="22 Jul 2015 04:45:59 GMT" time="240.509" errors="0">
  <testcase name="startMainPage" time="240.509" classname="newTest.TestWebDriver.testNgTest_2Test"/>
</testsuite> <!-- newTest.TestWebDriver.testNgTest_2Test -->
