<?xml version="1.0" encoding="UTF-8"?>
<!-- Generated by org.testng.reporters.JUnitReportReporter -->
<testsuite hostname="WIN-MA4O1OKBBCR" name="newTest.TestWebDriver.testNgTest_1" tests="2" failures="0" timestamp="21 Jul 2015 03:39:09 GMT" time="0.063" errors="0">
  <testcase name="f" time="0.061" classname="newTest.TestWebDriver.testNgTest_1"/>
  <testcase name="f" time="0.002" classname="newTest.TestWebDriver.testNgTest_1"/>
</testsuite> <!-- newTest.TestWebDriver.testNgTest_1 -->
